info it worked if it ends with ok
verbose cli [ 'node', '/usr/bin/npm', 'install', 'coffeescript' ]
info using npm@1.1.0-beta-10
info using node@v0.6.7
verbose config file /home/caleb/.npmrc
verbose config file /usr/etc/npmrc
verbose config file /usr/lib/node_modules/npm/npmrc
verbose caching /home/caleb/workspace/cards/package.json
verbose loadDefaults cards@0.0.1
verbose caching /home/caleb/workspace/cards/node_modules/express/package.json
verbose loadDefaults express@2.5.2
verbose caching /home/caleb/workspace/cards/node_modules/socket.io/package.json
verbose loadDefaults socket.io@0.8.7
verbose caching /home/caleb/workspace/cards/node_modules/jade/package.json
verbose loadDefaults jade@0.20.0
verbose from cache /home/caleb/workspace/cards/package.json
verbose into /home/caleb/workspace/cards [ 'coffeescript' ]
verbose cache add coffeescript
verbose cache add [ 'coffeescript', null ]
silly cache add: name, spec, args [ undefined, 'coffeescript', [ 'coffeescript', null ] ]
verbose parsed url { pathname: 'coffeescript',
verbose parsed url   path: 'coffeescript',
verbose parsed url   href: 'coffeescript' }
verbose addNamed [ 'coffeescript', '' ]
verbose addNamed [ null, '' ]
silly name, range, hasData [ 'coffeescript', '', false ]
verbose raw, before any munging coffeescript
verbose url resolving [ 'https://registry.npmjs.org/', './coffeescript' ]
verbose url resolved https://registry.npmjs.org/coffeescript
http GET https://registry.npmjs.org/coffeescript
http 404 https://registry.npmjs.org/coffeescript
silly get cb [ 404,
silly get cb   { server: 'CouchDB/1.1.0 (Erlang OTP/R14B04)',
silly get cb     date: 'Wed, 18 Jan 2012 01:48:59 GMT',
silly get cb     'content-type': 'application/json',
silly get cb     'content-length': '52',
silly get cb     'cache-control': 'must-revalidate' } ]
ERR! 404 'coffeescript' is not in the npm registry.
ERR! 404 You could maybe bug the author to publish it
ERR! 404 Note that you can also install from a tarball or folder.
ERR! 
ERR! System Linux 3.1.9-2-ARCH
ERR! command "node" "/usr/bin/npm" "install" "coffeescript"
ERR! cwd /home/caleb/workspace/cards
ERR! node -v v0.6.7
ERR! npm -v 1.1.0-beta-10
ERR! code E404
ERR! message 404 Not Found: coffeescript
verbose exit [ 1, true ]
